[debug] [2026-05-30T18:34:34.556Z] ----------------------------------------------------------------------
[debug] [2026-05-30T18:34:34.560Z] Command:       C:\Program Files\nodejs\node.exe C:\Users\Umaima Fatima\AppData\Roaming\npm\node_modules\firebase-tools\lib\bin\firebase.js deploy
[debug] [2026-05-30T18:34:34.561Z] CLI Version:   15.19.0
[debug] [2026-05-30T18:34:34.561Z] Platform:      win32
[debug] [2026-05-30T18:34:34.561Z] Node Version:  v22.14.0
[debug] [2026-05-30T18:34:34.561Z] Time:          Sat May 30 2026 23:34:34 GMT+0500 (Yekaterinburg Standard Time)
[debug] [2026-05-30T18:34:34.562Z] ----------------------------------------------------------------------
[debug] 
[debug] [2026-05-30T18:34:37.385Z] > command requires scopes: ["email","openid","https://www.googleapis.com/auth/cloudplatformprojects.readonly","https://www.googleapis.com/auth/firebase","https://www.googleapis.com/auth/cloud-platform"]
[debug] [2026-05-30T18:34:37.386Z] > authorizing via signed-in user (umaimasyeda412@gmail.com)
[debug] [2026-05-30T18:34:37.386Z] [iam] checking project syeda-umaima-fatima for permissions ["firebase.projects.get","firebasehosting.sites.update"]
[debug] [2026-05-30T18:34:37.388Z] Checked if tokens are valid: false, expires at: 1735055686914
[debug] [2026-05-30T18:34:37.388Z] Checked if tokens are valid: false, expires at: 1735055686914
[debug] [2026-05-30T18:34:37.388Z] > refreshing access token with scopes: []
[debug] [2026-05-30T18:34:37.391Z] >>> [apiv2][query] POST https://www.googleapis.com/oauth2/v3/token [none]
[debug] [2026-05-30T18:34:37.391Z] >>> [apiv2][body] POST https://www.googleapis.com/oauth2/v3/token [omitted]
[debug] [2026-05-30T18:34:37.846Z] <<< [apiv2][status] POST https://www.googleapis.com/oauth2/v3/token 400
[debug] [2026-05-30T18:34:37.847Z] <<< [apiv2][body] POST https://www.googleapis.com/oauth2/v3/token [omitted]
[debug] [2026-05-30T18:34:37.847Z] >>> [apiv2][query] POST https://cloudresourcemanager.googleapis.com/v1/projects/syeda-umaima-fatima:testIamPermissions [none]
[debug] [2026-05-30T18:34:37.848Z] >>> [apiv2][(partial)header] POST https://cloudresourcemanager.googleapis.com/v1/projects/syeda-umaima-fatima:testIamPermissions  x-goog-user-project=syeda-umaima-fatima
[debug] [2026-05-30T18:34:37.848Z] >>> [apiv2][body] POST https://cloudresourcemanager.googleapis.com/v1/projects/syeda-umaima-fatima:testIamPermissions {"permissions":["firebase.projects.get","firebasehosting.sites.update"]}
[debug] [2026-05-30T18:34:39.279Z] <<< [apiv2][status] POST https://cloudresourcemanager.googleapis.com/v1/projects/syeda-umaima-fatima:testIamPermissions 401
[debug] [2026-05-30T18:34:39.279Z] <<< [apiv2][body] POST https://cloudresourcemanager.googleapis.com/v1/projects/syeda-umaima-fatima:testIamPermissions {"error":{"code":401,"message":"Request had invalid authentication credentials. Expected OAuth 2 access token, login cookie or other valid authentication credential. See https://developers.google.com/identity/sign-in/web/devconsole-project.","status":"UNAUTHENTICATED","details":[{"@type":"type.googleapis.com/google.rpc.ErrorInfo","reason":"ACCESS_TOKEN_TYPE_UNSUPPORTED","metadata":{"service":"cloudresourcemanager.googleapis.com","method":"google.cloudresourcemanager.v1.Projects.TestIamPermissions"}}]}}
[debug] [2026-05-30T18:34:39.279Z] Got a 401 Unauthenticated error for a call that required authentication. Refreshing tokens.
[debug] [2026-05-30T18:34:39.279Z] Checked if tokens are valid: false, expires at: 1735055686914
[debug] [2026-05-30T18:34:39.279Z] Checked if tokens are valid: false, expires at: 1735055686914
[debug] [2026-05-30T18:34:39.280Z] > refreshing access token with scopes: []
[debug] [2026-05-30T18:34:39.280Z] >>> [apiv2][query] POST https://www.googleapis.com/oauth2/v3/token [none]
[debug] [2026-05-30T18:34:39.280Z] >>> [apiv2][body] POST https://www.googleapis.com/oauth2/v3/token [omitted]
[debug] [2026-05-30T18:34:39.441Z] <<< [apiv2][status] POST https://www.googleapis.com/oauth2/v3/token 400
[debug] [2026-05-30T18:34:39.441Z] <<< [apiv2][body] POST https://www.googleapis.com/oauth2/v3/token [omitted]
[debug] [2026-05-30T18:34:39.443Z] [iam] error while checking permissions, command may fail: Request to https://cloudresourcemanager.googleapis.com/v1/projects/syeda-umaima-fatima:testIamPermissions had HTTP Error: 401, Request had invalid authentication credentials. Expected OAuth 2 access token, login cookie or other valid authentication credential. See https://developers.google.com/identity/sign-in/web/devconsole-project.
[debug] [2026-05-30T18:34:39.444Z] Checked if tokens are valid: false, expires at: 1735055686914
[debug] [2026-05-30T18:34:39.444Z] Checked if tokens are valid: false, expires at: 1735055686914
[debug] [2026-05-30T18:34:39.445Z] > refreshing access token with scopes: []
[debug] [2026-05-30T18:34:39.445Z] >>> [apiv2][query] POST https://www.googleapis.com/oauth2/v3/token [none]
[debug] [2026-05-30T18:34:39.445Z] >>> [apiv2][body] POST https://www.googleapis.com/oauth2/v3/token [omitted]
[debug] [2026-05-30T18:34:39.602Z] <<< [apiv2][status] POST https://www.googleapis.com/oauth2/v3/token 400
[debug] [2026-05-30T18:34:39.602Z] <<< [apiv2][body] POST https://www.googleapis.com/oauth2/v3/token [omitted]
[debug] [2026-05-30T18:34:39.603Z] >>> [apiv2][query] GET https://firebase.googleapis.com/v1beta1/projects/syeda-umaima-fatima [none]
[debug] [2026-05-30T18:34:40.048Z] <<< [apiv2][status] GET https://firebase.googleapis.com/v1beta1/projects/syeda-umaima-fatima 401
[debug] [2026-05-30T18:34:40.048Z] <<< [apiv2][body] GET https://firebase.googleapis.com/v1beta1/projects/syeda-umaima-fatima {"error":{"code":401,"message":"Request had invalid authentication credentials. Expected OAuth 2 access token, login cookie or other valid authentication credential. See https://developers.google.com/identity/sign-in/web/devconsole-project.","status":"UNAUTHENTICATED"}}
[debug] [2026-05-30T18:34:40.048Z] Got a 401 Unauthenticated error for a call that required authentication. Refreshing tokens.
[debug] [2026-05-30T18:34:40.049Z] Checked if tokens are valid: false, expires at: 1735055686914
[debug] [2026-05-30T18:34:40.049Z] Checked if tokens are valid: false, expires at: 1735055686914
[debug] [2026-05-30T18:34:40.049Z] > refreshing access token with scopes: []
[debug] [2026-05-30T18:34:40.050Z] >>> [apiv2][query] POST https://www.googleapis.com/oauth2/v3/token [none]
[debug] [2026-05-30T18:34:40.050Z] >>> [apiv2][body] POST https://www.googleapis.com/oauth2/v3/token [omitted]
[debug] [2026-05-30T18:34:40.253Z] <<< [apiv2][status] POST https://www.googleapis.com/oauth2/v3/token 400
[debug] [2026-05-30T18:34:40.253Z] <<< [apiv2][body] POST https://www.googleapis.com/oauth2/v3/token [omitted]
[debug] [2026-05-30T18:34:40.254Z] Request to https://firebase.googleapis.com/v1beta1/projects/syeda-umaima-fatima had HTTP Error: 401, Request had invalid authentication credentials. Expected OAuth 2 access token, login cookie or other valid authentication credential. See https://developers.google.com/identity/sign-in/web/devconsole-project.
[error] 
[error] Error: Assertion failed: resolving hosting target of a site with no site name or target name. This should have caused an error earlier
[debug] [2026-05-30T18:36:30.245Z] ----------------------------------------------------------------------
[debug] [2026-05-30T18:36:30.249Z] Command:       C:\Program Files\nodejs\node.exe C:\Users\Umaima Fatima\AppData\Roaming\npm\node_modules\firebase-tools\lib\bin\firebase.js deploy
[debug] [2026-05-30T18:36:30.250Z] CLI Version:   15.19.0
[debug] [2026-05-30T18:36:30.250Z] Platform:      win32
[debug] [2026-05-30T18:36:30.251Z] Node Version:  v22.14.0
[debug] [2026-05-30T18:36:30.251Z] Time:          Sat May 30 2026 23:36:30 GMT+0500 (Yekaterinburg Standard Time)
[debug] [2026-05-30T18:36:30.252Z] ----------------------------------------------------------------------
[debug] 
[debug] [2026-05-30T18:36:33.833Z] > command requires scopes: ["email","openid","https://www.googleapis.com/auth/cloudplatformprojects.readonly","https://www.googleapis.com/auth/firebase","https://www.googleapis.com/auth/cloud-platform"]
[debug] [2026-05-30T18:36:33.834Z] > authorizing via signed-in user (umaimasyeda412@gmail.com)
[debug] [2026-05-30T18:36:33.834Z] [iam] checking project syeda-umaima-fatima for permissions ["firebase.projects.get","firebasehosting.sites.update"]
[debug] [2026-05-30T18:36:33.836Z] Checked if tokens are valid: false, expires at: 1735055686914
[debug] [2026-05-30T18:36:33.836Z] Checked if tokens are valid: false, expires at: 1735055686914
[debug] [2026-05-30T18:36:33.836Z] > refreshing access token with scopes: []
[debug] [2026-05-30T18:36:33.839Z] >>> [apiv2][query] POST https://www.googleapis.com/oauth2/v3/token [none]
[debug] [2026-05-30T18:36:33.840Z] >>> [apiv2][body] POST https://www.googleapis.com/oauth2/v3/token [omitted]
[debug] [2026-05-30T18:36:34.261Z] <<< [apiv2][status] POST https://www.googleapis.com/oauth2/v3/token 400
[debug] [2026-05-30T18:36:34.261Z] <<< [apiv2][body] POST https://www.googleapis.com/oauth2/v3/token [omitted]
[debug] [2026-05-30T18:36:34.261Z] >>> [apiv2][query] POST https://cloudresourcemanager.googleapis.com/v1/projects/syeda-umaima-fatima:testIamPermissions [none]
[debug] [2026-05-30T18:36:34.262Z] >>> [apiv2][(partial)header] POST https://cloudresourcemanager.googleapis.com/v1/projects/syeda-umaima-fatima:testIamPermissions  x-goog-user-project=syeda-umaima-fatima
[debug] [2026-05-30T18:36:34.262Z] >>> [apiv2][body] POST https://cloudresourcemanager.googleapis.com/v1/projects/syeda-umaima-fatima:testIamPermissions {"permissions":["firebase.projects.get","firebasehosting.sites.update"]}
[debug] [2026-05-30T18:36:34.733Z] <<< [apiv2][status] POST https://cloudresourcemanager.googleapis.com/v1/projects/syeda-umaima-fatima:testIamPermissions 401
[debug] [2026-05-30T18:36:34.733Z] <<< [apiv2][body] POST https://cloudresourcemanager.googleapis.com/v1/projects/syeda-umaima-fatima:testIamPermissions {"error":{"code":401,"message":"Request had invalid authentication credentials. Expected OAuth 2 access token, login cookie or other valid authentication credential. See https://developers.google.com/identity/sign-in/web/devconsole-project.","status":"UNAUTHENTICATED","details":[{"@type":"type.googleapis.com/google.rpc.ErrorInfo","reason":"ACCESS_TOKEN_TYPE_UNSUPPORTED","metadata":{"method":"google.cloudresourcemanager.v1.Projects.TestIamPermissions","service":"cloudresourcemanager.googleapis.com"}}]}}
[debug] [2026-05-30T18:36:34.733Z] Got a 401 Unauthenticated error for a call that required authentication. Refreshing tokens.
[debug] [2026-05-30T18:36:34.733Z] Checked if tokens are valid: false, expires at: 1735055686914
[debug] [2026-05-30T18:36:34.733Z] Checked if tokens are valid: false, expires at: 1735055686914
[debug] [2026-05-30T18:36:34.733Z] > refreshing access token with scopes: []
[debug] [2026-05-30T18:36:34.734Z] >>> [apiv2][query] POST https://www.googleapis.com/oauth2/v3/token [none]
[debug] [2026-05-30T18:36:34.734Z] >>> [apiv2][body] POST https://www.googleapis.com/oauth2/v3/token [omitted]
[debug] [2026-05-30T18:36:34.899Z] <<< [apiv2][status] POST https://www.googleapis.com/oauth2/v3/token 400
[debug] [2026-05-30T18:36:34.899Z] <<< [apiv2][body] POST https://www.googleapis.com/oauth2/v3/token [omitted]
[debug] [2026-05-30T18:36:34.900Z] [iam] error while checking permissions, command may fail: Request to https://cloudresourcemanager.googleapis.com/v1/projects/syeda-umaima-fatima:testIamPermissions had HTTP Error: 401, Request had invalid authentication credentials. Expected OAuth 2 access token, login cookie or other valid authentication credential. See https://developers.google.com/identity/sign-in/web/devconsole-project.
[debug] [2026-05-30T18:36:34.901Z] Checked if tokens are valid: false, expires at: 1735055686914
[debug] [2026-05-30T18:36:34.901Z] Checked if tokens are valid: false, expires at: 1735055686914
[debug] [2026-05-30T18:36:34.901Z] > refreshing access token with scopes: []
[debug] [2026-05-30T18:36:34.901Z] >>> [apiv2][query] POST https://www.googleapis.com/oauth2/v3/token [none]
[debug] [2026-05-30T18:36:34.901Z] >>> [apiv2][body] POST https://www.googleapis.com/oauth2/v3/token [omitted]
[debug] [2026-05-30T18:36:35.063Z] <<< [apiv2][status] POST https://www.googleapis.com/oauth2/v3/token 400
[debug] [2026-05-30T18:36:35.063Z] <<< [apiv2][body] POST https://www.googleapis.com/oauth2/v3/token [omitted]
[debug] [2026-05-30T18:36:35.064Z] >>> [apiv2][query] GET https://firebase.googleapis.com/v1beta1/projects/syeda-umaima-fatima [none]
[debug] [2026-05-30T18:36:35.421Z] <<< [apiv2][status] GET https://firebase.googleapis.com/v1beta1/projects/syeda-umaima-fatima 401
[debug] [2026-05-30T18:36:35.421Z] <<< [apiv2][body] GET https://firebase.googleapis.com/v1beta1/projects/syeda-umaima-fatima {"error":{"code":401,"message":"Request had invalid authentication credentials. Expected OAuth 2 access token, login cookie or other valid authentication credential. See https://developers.google.com/identity/sign-in/web/devconsole-project.","status":"UNAUTHENTICATED"}}
[debug] [2026-05-30T18:36:35.421Z] Got a 401 Unauthenticated error for a call that required authentication. Refreshing tokens.
[debug] [2026-05-30T18:36:35.421Z] Checked if tokens are valid: false, expires at: 1735055686914
[debug] [2026-05-30T18:36:35.422Z] Checked if tokens are valid: false, expires at: 1735055686914
[debug] [2026-05-30T18:36:35.422Z] > refreshing access token with scopes: []
[debug] [2026-05-30T18:36:35.422Z] >>> [apiv2][query] POST https://www.googleapis.com/oauth2/v3/token [none]
[debug] [2026-05-30T18:36:35.422Z] >>> [apiv2][body] POST https://www.googleapis.com/oauth2/v3/token [omitted]
[debug] [2026-05-30T18:36:35.580Z] <<< [apiv2][status] POST https://www.googleapis.com/oauth2/v3/token 400
[debug] [2026-05-30T18:36:35.580Z] <<< [apiv2][body] POST https://www.googleapis.com/oauth2/v3/token [omitted]
[debug] [2026-05-30T18:36:35.580Z] Request to https://firebase.googleapis.com/v1beta1/projects/syeda-umaima-fatima had HTTP Error: 401, Request had invalid authentication credentials. Expected OAuth 2 access token, login cookie or other valid authentication credential. See https://developers.google.com/identity/sign-in/web/devconsole-project.
[error] 
[error] Error: Assertion failed: resolving hosting target of a site with no site name or target name. This should have caused an error earlier
